{
"contracts\\NFTMarketplace.sol":{"l":{"54":1,"55":1,"56":0,"58":1,"66":1,"67":1,"68":1,"69":0,"71":1,"77":1,"79":1,"80":0,"82":1,"105":1,"106":0,"112":1,"113":1,"114":0,"117":1,"121":1,"138":1,"139":1,"140":0,"151":1,"156":1,"157":1,"164":1,"175":0,"176":0,"188":0,"189":0,"193":0,"194":0,"195":0,"197":0,"198":0,"199":0,"200":0,"218":0,"222":1},"path":"C:\\Users\\HASEEB\\Desktop\\haseebdata\\blockchain\\10.NFT-market-place(full-stack)\\10.NFT-Market-Place-FCC\\backend\\contracts\\NFTMarketplace.sol","s":{"1":1,"2":1,"3":1,"4":1,"5":1,"6":1,"7":1,"8":1,"9":1,"10":1,"11":1,"12":1,"13":1,"14":1,"15":1,"16":0,"17":0,"18":0,"19":0,"20":0,"21":0,"22":0,"23":1},"b":{"1":[0,1],"2":[0,1],"3":[0,1],"4":[1,0],"5":[1,0],"6":[0,1],"7":[0,1],"8":[1,0],"9":[1,0],"10":[0,1],"11":[0,0],"12":[0,0],"13":[0,0],"14":[0,0],"15":[0,0],"16":[0,0]},"f":{"1":1,"2":1,"3":1,"4":1,"5":1,"6":0,"7":0,"8":0,"9":0,"10":1},"fnMap":{"1":{"name":"notListed","line":53,"loc":{"start":{"line":53,"column":4},"end":{"line":59,"column":4}}},"2":{"name":"isOwner","line":61,"loc":{"start":{"line":61,"column":4},"end":{"line":72,"column":4}}},"3":{"name":"isListed","line":73,"loc":{"start":{"line":73,"column":4},"end":{"line":83,"column":4}}},"4":{"name":"listItem","line":103,"loc":{"start":{"line":96,"column":4},"end":{"line":122,"column":4}}},"5":{"name":"buyItem","line":136,"loc":{"start":{"line":133,"column":4},"end":{"line":165,"column":4}}},"6":{"name":"cancelListing","line":173,"loc":{"start":{"line":167,"column":4},"end":{"line":177,"column":4}}},"7":{"name":"updateListing","line":186,"loc":{"start":{"line":179,"column":4},"end":{"line":190,"column":4}}},"8":{"name":"withdrawProceeds","line":192,"loc":{"start":{"line":192,"column":4},"end":{"line":202,"column":4}}},"9":{"name":"getListing","line":214,"loc":{"start":{"line":214,"column":4},"end":{"line":219,"column":4}}},"10":{"name":"getProceeds","line":221,"loc":{"start":{"line":221,"column":4},"end":{"line":223,"column":4}}}},"statementMap":{"1":{"start":{"line":54,"column":8},"end":{"line":54,"column":64}},"2":{"start":{"line":55,"column":8},"end":{"line":55,"column":1692}},"3":{"start":{"line":66,"column":8},"end":{"line":66,"column":41}},"4":{"start":{"line":67,"column":8},"end":{"line":67,"column":44}},"5":{"start":{"line":68,"column":8},"end":{"line":68,"column":2033}},"6":{"start":{"line":77,"column":8},"end":{"line":77,"column":64}},"7":{"start":{"line":79,"column":8},"end":{"line":79,"column":2315}},"8":{"start":{"line":105,"column":8},"end":{"line":105,"column":2945}},"9":{"start":{"line":112,"column":8},"end":{"line":112,"column":41}},"10":{"start":{"line":113,"column":8},"end":{"line":113,"column":3286}},"11":{"start":{"line":121,"column":8},"end":{"line":121,"column":63}},"12":{"start":{"line":138,"column":8},"end":{"line":138,"column":67}},"13":{"start":{"line":139,"column":8},"end":{"line":139,"column":4249}},"14":{"start":{"line":157,"column":8},"end":{"line":157,"column":4869}},"15":{"start":{"line":164,"column":8},"end":{"line":164,"column":74}},"16":{"start":{"line":176,"column":8},"end":{"line":176,"column":58}},"17":{"start":{"line":189,"column":8},"end":{"line":189,"column":66}},"18":{"start":{"line":193,"column":8},"end":{"line":193,"column":49}},"19":{"start":{"line":194,"column":8},"end":{"line":194,"column":5936}},"20":{"start":{"line":198,"column":8},"end":{"line":198,"column":72}},"21":{"start":{"line":199,"column":8},"end":{"line":199,"column":6139}},"22":{"start":{"line":218,"column":8},"end":{"line":218,"column":46}},"23":{"start":{"line":222,"column":8},"end":{"line":222,"column":33}}},"branchMap":{"1":{"line":55,"type":"if","locations":[{"start":{"line":55,"column":8},"end":{"line":55,"column":8}},{"start":{"line":55,"column":8},"end":{"line":55,"column":8}}]},"2":{"line":68,"type":"if","locations":[{"start":{"line":68,"column":8},"end":{"line":68,"column":8}},{"start":{"line":68,"column":8},"end":{"line":68,"column":8}}]},"3":{"line":79,"type":"if","locations":[{"start":{"line":79,"column":8},"end":{"line":79,"column":8}},{"start":{"line":79,"column":8},"end":{"line":79,"column":8}}]},"4":{"line":102,"type":"if","locations":[{"start":{"line":102,"column":8},"end":{"line":102,"column":8}},{"start":{"line":102,"column":8},"end":{"line":102,"column":8}}]},"5":{"line":103,"type":"if","locations":[{"start":{"line":103,"column":8},"end":{"line":103,"column":8}},{"start":{"line":103,"column":8},"end":{"line":103,"column":8}}]},"6":{"line":105,"type":"if","locations":[{"start":{"line":105,"column":8},"end":{"line":105,"column":8}},{"start":{"line":105,"column":8},"end":{"line":105,"column":8}}]},"7":{"line":113,"type":"if","locations":[{"start":{"line":113,"column":8},"end":{"line":113,"column":8}},{"start":{"line":113,"column":8},"end":{"line":113,"column":8}}]},"8":{"line":136,"type":"if","locations":[{"start":{"line":136,"column":23},"end":{"line":136,"column":23}},{"start":{"line":136,"column":23},"end":{"line":136,"column":23}}]},"9":{"line":136,"type":"if","locations":[{"start":{"line":136,"column":53},"end":{"line":136,"column":53}},{"start":{"line":136,"column":53},"end":{"line":136,"column":53}}]},"10":{"line":139,"type":"if","locations":[{"start":{"line":139,"column":8},"end":{"line":139,"column":8}},{"start":{"line":139,"column":8},"end":{"line":139,"column":8}}]},"11":{"line":172,"type":"if","locations":[{"start":{"line":172,"column":8},"end":{"line":172,"column":8}},{"start":{"line":172,"column":8},"end":{"line":172,"column":8}}]},"12":{"line":173,"type":"if","locations":[{"start":{"line":173,"column":8},"end":{"line":173,"column":8}},{"start":{"line":173,"column":8},"end":{"line":173,"column":8}}]},"13":{"line":185,"type":"if","locations":[{"start":{"line":185,"column":8},"end":{"line":185,"column":8}},{"start":{"line":185,"column":8},"end":{"line":185,"column":8}}]},"14":{"line":186,"type":"if","locations":[{"start":{"line":186,"column":8},"end":{"line":186,"column":8}},{"start":{"line":186,"column":8},"end":{"line":186,"column":8}}]},"15":{"line":194,"type":"if","locations":[{"start":{"line":194,"column":8},"end":{"line":194,"column":8}},{"start":{"line":194,"column":8},"end":{"line":194,"column":8}}]},"16":{"line":199,"type":"if","locations":[{"start":{"line":199,"column":8},"end":{"line":199,"column":8}},{"start":{"line":199,"column":8},"end":{"line":199,"column":8}}]}}},
"contracts\\subLessons\\ReentrantVulnerable.sol":{"l":{"34":0,"38":0,"39":0,"41":0,"42":0,"44":0,"49":0,"57":0,"62":0,"63":0,"68":0,"69":0,"70":0,"75":0},"path":"C:\\Users\\HASEEB\\Desktop\\haseebdata\\blockchain\\10.NFT-market-place(full-stack)\\10.NFT-Market-Place-FCC\\backend\\contracts\\subLessons\\ReentrantVulnerable.sol","s":{"1":0,"2":0,"3":0,"4":0,"5":0,"6":0,"7":0,"8":0,"9":0,"10":0,"11":0},"b":{"1":[0,0],"2":[0,0],"3":[0,0],"4":[0,0]},"f":{"1":0,"2":0,"3":0,"4":0,"5":0,"6":0,"7":0},"fnMap":{"1":{"name":"deposit","line":33,"loc":{"start":{"line":33,"column":4},"end":{"line":35,"column":4}}},"2":{"name":"withdraw","line":37,"loc":{"start":{"line":37,"column":4},"end":{"line":45,"column":4}}},"3":{"name":"getBalance","line":48,"loc":{"start":{"line":48,"column":4},"end":{"line":50,"column":4}}},"4":{"name":"constructor","line":56,"loc":{"start":{"line":56,"column":4},"end":{"line":58,"column":4}}},"5":{"name":null,"line":61,"loc":{"start":{"line":61,"column":4},"end":{"line":65,"column":4}}},"6":{"name":"attack","line":67,"loc":{"start":{"line":67,"column":4},"end":{"line":71,"column":4}}},"7":{"name":"getBalance","line":74,"loc":{"start":{"line":74,"column":4},"end":{"line":76,"column":4}}}},"statementMap":{"1":{"start":{"line":38,"column":8},"end":{"line":38,"column":42}},"2":{"start":{"line":39,"column":8},"end":{"line":39,"column":23}},"3":{"start":{"line":41,"column":8},"end":{"line":41,"column":55}},"4":{"start":{"line":42,"column":8},"end":{"line":42,"column":44}},"5":{"start":{"line":49,"column":8},"end":{"line":49,"column":36}},"6":{"start":{"line":62,"column":8},"end":{"line":62,"column":2024}},"7":{"start":{"line":63,"column":12},"end":{"line":63,"column":41}},"8":{"start":{"line":68,"column":8},"end":{"line":68,"column":36}},"9":{"start":{"line":69,"column":8},"end":{"line":69,"column":52}},"10":{"start":{"line":70,"column":8},"end":{"line":70,"column":37}},"11":{"start":{"line":75,"column":8},"end":{"line":75,"column":36}}},"branchMap":{"1":{"line":39,"type":"if","locations":[{"start":{"line":39,"column":8},"end":{"line":39,"column":8}},{"start":{"line":39,"column":8},"end":{"line":39,"column":8}}]},"2":{"line":42,"type":"if","locations":[{"start":{"line":42,"column":8},"end":{"line":42,"column":8}},{"start":{"line":42,"column":8},"end":{"line":42,"column":8}}]},"3":{"line":62,"type":"if","locations":[{"start":{"line":62,"column":8},"end":{"line":62,"column":8}},{"start":{"line":62,"column":8},"end":{"line":62,"column":8}}]},"4":{"line":68,"type":"if","locations":[{"start":{"line":68,"column":8},"end":{"line":68,"column":8}},{"start":{"line":68,"column":8},"end":{"line":68,"column":8}}]}}},
"contracts\\test\\BasicNft.sol":{"l":{"14":3,"18":1,"19":1,"20":1,"24":0,"25":0,"29":0},"path":"C:\\Users\\HASEEB\\Desktop\\haseebdata\\blockchain\\10.NFT-market-place(full-stack)\\10.NFT-Market-Place-FCC\\backend\\contracts\\test\\BasicNft.sol","s":{"1":1,"2":1,"3":0,"4":0,"5":0},"b":{"1":[0,0]},"f":{"1":3,"2":1,"3":0,"4":0},"fnMap":{"1":{"name":"constructor","line":13,"loc":{"start":{"line":13,"column":4},"end":{"line":15,"column":4}}},"2":{"name":"mintNft","line":17,"loc":{"start":{"line":17,"column":4},"end":{"line":21,"column":4}}},"3":{"name":"tokenURI","line":23,"loc":{"start":{"line":23,"column":4},"end":{"line":26,"column":4}}},"4":{"name":"getTokenCounter","line":28,"loc":{"start":{"line":28,"column":4},"end":{"line":30,"column":4}}}},"statementMap":{"1":{"start":{"line":18,"column":8},"end":{"line":18,"column":44}},"2":{"start":{"line":19,"column":8},"end":{"line":19,"column":38}},"3":{"start":{"line":24,"column":8},"end":{"line":24,"column":83}},"4":{"start":{"line":25,"column":8},"end":{"line":25,"column":24}},"5":{"start":{"line":29,"column":8},"end":{"line":29,"column":29}}},"branchMap":{"1":{"line":24,"type":"if","locations":[{"start":{"line":24,"column":8},"end":{"line":24,"column":8}},{"start":{"line":24,"column":8},"end":{"line":24,"column":8}}]}}}}
