TN:
SF:C:\Users\HASEEB\Desktop\haseebdata\blockchain\10.NFT-market-place(full-stack)\10.NFT-Market-Place-FCC\backend\contracts\NFTMarketplace.sol
FN:53,notListed
FN:61,isOwner
FN:73,isListed
FN:103,listItem
FN:136,buyItem
FN:173,cancelListing
FN:186,updateListing
FN:192,withdrawProceeds
FN:214,getListing
FN:221,getProceeds
FNF:10
FNH:6
FNDA:1,notListed
FNDA:1,isOwner
FNDA:1,isListed
FNDA:1,listItem
FNDA:1,buyItem
FNDA:0,cancelListing
FNDA:0,updateListing
FNDA:0,withdrawProceeds
FNDA:0,getListing
FNDA:1,getProceeds
DA:54,1
DA:55,1
DA:56,0
DA:58,1
DA:66,1
DA:67,1
DA:68,1
DA:69,0
DA:71,1
DA:77,1
DA:79,1
DA:80,0
DA:82,1
DA:105,1
DA:106,0
DA:112,1
DA:113,1
DA:114,0
DA:117,1
DA:121,1
DA:138,1
DA:139,1
DA:140,0
DA:151,1
DA:156,1
DA:157,1
DA:164,1
DA:175,0
DA:176,0
DA:188,0
DA:189,0
DA:193,0
DA:194,0
DA:195,0
DA:197,0
DA:198,0
DA:199,0
DA:200,0
DA:218,0
DA:222,1
LF:40
LH:22
BRDA:55,1,0,0
BRDA:55,1,1,1
BRDA:68,2,0,0
BRDA:68,2,1,1
BRDA:79,3,0,0
BRDA:79,3,1,1
BRDA:102,4,0,1
BRDA:102,4,1,0
BRDA:103,5,0,1
BRDA:103,5,1,0
BRDA:105,6,0,0
BRDA:105,6,1,1
BRDA:113,7,0,0
BRDA:113,7,1,1
BRDA:136,8,0,1
BRDA:136,8,1,0
BRDA:136,9,0,1
BRDA:136,9,1,0
BRDA:139,10,0,0
BRDA:139,10,1,1
BRDA:172,11,0,0
BRDA:172,11,1,0
BRDA:173,12,0,0
BRDA:173,12,1,0
BRDA:185,13,0,0
BRDA:185,13,1,0
BRDA:186,14,0,0
BRDA:186,14,1,0
BRDA:194,15,0,0
BRDA:194,15,1,0
BRDA:199,16,0,0
BRDA:199,16,1,0
BRF:32
BRH:10
end_of_record
TN:
SF:C:\Users\HASEEB\Desktop\haseebdata\blockchain\10.NFT-market-place(full-stack)\10.NFT-Market-Place-FCC\backend\contracts\subLessons\ReentrantVulnerable.sol
FN:33,deposit
FN:37,withdraw
FN:48,getBalance
FN:56,constructor
FN:61,
FN:67,attack
FN:74,getBalance
FNF:7
FNH:0
FNDA:0,deposit
FNDA:0,withdraw
FNDA:0,getBalance
FNDA:0,constructor
FNDA:0,
FNDA:0,attack
FNDA:0,getBalance
DA:34,0
DA:38,0
DA:39,0
DA:41,0
DA:42,0
DA:44,0
DA:49,0
DA:57,0
DA:62,0
DA:63,0
DA:68,0
DA:69,0
DA:70,0
DA:75,0
LF:14
LH:0
BRDA:39,1,0,0
BRDA:39,1,1,0
BRDA:42,2,0,0
BRDA:42,2,1,0
BRDA:62,3,0,0
BRDA:62,3,1,0
BRDA:68,4,0,0
BRDA:68,4,1,0
BRF:8
BRH:0
end_of_record
TN:
SF:C:\Users\HASEEB\Desktop\haseebdata\blockchain\10.NFT-market-place(full-stack)\10.NFT-Market-Place-FCC\backend\contracts\test\BasicNft.sol
FN:13,constructor
FN:17,mintNft
FN:23,tokenURI
FN:28,getTokenCounter
FNF:4
FNH:2
FNDA:3,constructor
FNDA:1,mintNft
FNDA:0,tokenURI
FNDA:0,getTokenCounter
DA:14,3
DA:18,1
DA:19,1
DA:20,1
DA:24,0
DA:25,0
DA:29,0
LF:7
LH:4
BRDA:24,1,0,0
BRDA:24,1,1,0
BRF:2
BRH:0
end_of_record
